Thu 21 May 2026 11:47:08 INFO  ['teste_Grafos.py']
Thu 21 May 2026 11:47:08 INFO  
General Hyper Parameters:
gpu_id = 0
use_gpu = True
seed = 42
state = INFO
reproducibility = True
data_path = dataset/emorecsys
checkpoint_dir = saved
show_progress = False
save_dataset = False
dataset_save_path = None
save_dataloaders = False
dataloaders_save_path = None
log_wandb = False

Training Hyper Parameters:
epochs = 50
train_batch_size = 2048
learner = adam
learning_rate = 0.001
train_neg_sample_args = {'distribution': 'uniform', 'sample_num': 1, 'alpha': 1.0, 'dynamic': False, 'candidate_num': 0}
eval_step = 1
stopping_step = 10
clip_grad_norm = None
weight_decay = 0.0
loss_decimal_place = 4

Evaluation Hyper Parameters:
eval_args = {'split': {'RS': [0.8, 0.1, 0.1]}, 'order': 'RO', 'group_by': 'user', 'mode': {'valid': 'full', 'test': 'full'}}
repeatable = False
metrics = ['Recall', 'MRR', 'NDCG', 'Hit', 'Precision']
topk = [10]
valid_metric = Recall@10
valid_metric_bigger = True
eval_batch_size = 512
metric_decimal_place = 4

Dataset Hyper Parameters:
field_separator = 	
seq_separator =  
USER_ID_FIELD = user_id
ITEM_ID_FIELD = item_id
RATING_FIELD = rating
TIME_FIELD = timestamp
seq_len = None
LABEL_FIELD = label
threshold = None
NEG_PREFIX = neg_
load_col = {'inter': ['user_id', 'item_id']}
unload_col = None
unused_col = None
additional_feat_suffix = None
rm_dup_inter = None
val_interval = None
filter_inter_by_user_or_item = True
user_inter_num_interval = [0,inf)
item_inter_num_interval = [0,inf)
alias_of_user_id = None
alias_of_item_id = None
alias_of_entity_id = None
alias_of_relation_id = None
preload_weight = None
normalize_field = None
normalize_all = None
ITEM_LIST_LENGTH_FIELD = item_length
LIST_SUFFIX = _list
MAX_ITEM_LIST_LENGTH = 50
POSITION_FIELD = position_id
HEAD_ENTITY_ID_FIELD = head_id
TAIL_ENTITY_ID_FIELD = tail_id
RELATION_ID_FIELD = relation_id
ENTITY_ID_FIELD = entity_id
benchmark_filename = None

Other Hyper Parameters: 
worker = 0
wandb_project = recbole
shuffle = True
require_pow = False
enable_amp = False
enable_scaler = False
transform = None
embedding_size = 64
n_layers = 3
reg_weight = 1e-05
numerical_features = []
discretization = None
kg_reverse_r = False
entity_kg_num_interval = [0,inf)
relation_kg_num_interval = [0,inf)
MODEL_TYPE = ModelType.GENERAL
neg_sampling = {'uniform': 1}
MODEL_INPUT_TYPE = InputType.PAIRWISE
eval_type = EvaluatorType.RANKING
single_spec = True
local_rank = 0
device = cpu
valid_neg_sample_args = {'distribution': 'uniform', 'sample_num': 'none'}
test_neg_sample_args = {'distribution': 'uniform', 'sample_num': 'none'}


Thu 21 May 2026 11:47:08 INFO  emorecsys
The number of users: 446
Average actions of users: 10.420224719101123
The number of items: 1110
Average actions of items: 4.181244364292155
The number of inters: 4637
The sparsity of the dataset: 99.06334585706783%
Remain Fields: ['user_id', 'item_id']
Thu 21 May 2026 11:47:08 INFO  [Training]: train_batch_size = [2048] train_neg_sample_args: [{'distribution': 'uniform', 'sample_num': 1, 'alpha': 1.0, 'dynamic': False, 'candidate_num': 0}]
Thu 21 May 2026 11:47:08 INFO  [Evaluation]: eval_batch_size = [512] eval_args: [{'split': {'RS': [0.8, 0.1, 0.1]}, 'order': 'RO', 'group_by': 'user', 'mode': {'valid': 'full', 'test': 'full'}}]
Thu 21 May 2026 11:47:08 INFO  LightGCN(
  (user_embedding): Embedding(446, 64)
  (item_embedding): Embedding(1110, 64)
  (mf_loss): BPRLoss()
  (reg_loss): EmbLoss()
)
Trainable parameters: 99584
Thu 21 May 2026 11:47:08 INFO  FLOPs: 0.0
Thu 21 May 2026 11:47:10 INFO  epoch 0 training [time: 0.03s, train loss: 1.3754]
Thu 21 May 2026 11:47:11 INFO  epoch 0 evaluating [time: 0.23s, valid_score: 0.256800]
Thu 21 May 2026 11:47:11 INFO  valid result: 
recall@10 : 0.2568    mrr@10 : 0.1158    ndcg@10 : 0.1491    hit@10 : 0.2568    precision@10 : 0.0257
Thu 21 May 2026 11:47:11 INFO  Saving current: saved\LightGCN-May-21-2026_11-47-08.pth
Thu 21 May 2026 11:47:11 INFO  epoch 1 training [time: 0.04s, train loss: 1.3732]
Thu 21 May 2026 11:47:11 INFO  epoch 1 evaluating [time: 0.24s, valid_score: 0.335600]
Thu 21 May 2026 11:47:11 INFO  valid result: 
recall@10 : 0.3356    mrr@10 : 0.1718    ndcg@10 : 0.2108    hit@10 : 0.3356    precision@10 : 0.0336
Thu 21 May 2026 11:47:11 INFO  Saving current: saved\LightGCN-May-21-2026_11-47-08.pth
Thu 21 May 2026 11:47:11 INFO  epoch 2 training [time: 0.04s, train loss: 1.3709]
Thu 21 May 2026 11:47:11 INFO  epoch 2 evaluating [time: 0.36s, valid_score: 0.427900]
Thu 21 May 2026 11:47:11 INFO  valid result: 
recall@10 : 0.4279    mrr@10 : 0.217    ndcg@10 : 0.2672    hit@10 : 0.4279    precision@10 : 0.0428
Thu 21 May 2026 11:47:11 INFO  Saving current: saved\LightGCN-May-21-2026_11-47-08.pth
Thu 21 May 2026 11:47:11 INFO  epoch 3 training [time: 0.05s, train loss: 1.3683]
Thu 21 May 2026 11:47:12 INFO  epoch 3 evaluating [time: 0.31s, valid_score: 0.515800]
Thu 21 May 2026 11:47:12 INFO  valid result: 
recall@10 : 0.5158    mrr@10 : 0.2515    ndcg@10 : 0.3144    hit@10 : 0.5158    precision@10 : 0.0516
Thu 21 May 2026 11:47:12 INFO  Saving current: saved\LightGCN-May-21-2026_11-47-08.pth
Thu 21 May 2026 11:47:12 INFO  epoch 4 training [time: 0.09s, train loss: 1.3653]
Thu 21 May 2026 11:47:12 INFO  epoch 4 evaluating [time: 0.31s, valid_score: 0.590100]
Thu 21 May 2026 11:47:12 INFO  valid result: 
recall@10 : 0.5901    mrr@10 : 0.2858    ndcg@10 : 0.3583    hit@10 : 0.5901    precision@10 : 0.059
Thu 21 May 2026 11:47:12 INFO  Saving current: saved\LightGCN-May-21-2026_11-47-08.pth
Thu 21 May 2026 11:47:12 INFO  epoch 5 training [time: 0.05s, train loss: 1.3619]
Thu 21 May 2026 11:47:12 INFO  epoch 5 evaluating [time: 0.23s, valid_score: 0.626100]
Thu 21 May 2026 11:47:12 INFO  valid result: 
recall@10 : 0.6261    mrr@10 : 0.3034    ndcg@10 : 0.3812    hit@10 : 0.6261    precision@10 : 0.0626
Thu 21 May 2026 11:47:12 INFO  Saving current: saved\LightGCN-May-21-2026_11-47-08.pth
Thu 21 May 2026 11:47:12 INFO  epoch 6 training [time: 0.04s, train loss: 1.3583]
Thu 21 May 2026 11:47:13 INFO  epoch 6 evaluating [time: 0.24s, valid_score: 0.655400]
Thu 21 May 2026 11:47:13 INFO  valid result: 
recall@10 : 0.6554    mrr@10 : 0.3185    ndcg@10 : 0.3999    hit@10 : 0.6554    precision@10 : 0.0655
Thu 21 May 2026 11:47:13 INFO  Saving current: saved\LightGCN-May-21-2026_11-47-08.pth
Thu 21 May 2026 11:47:13 INFO  epoch 7 training [time: 0.04s, train loss: 1.3543]
Thu 21 May 2026 11:47:13 INFO  epoch 7 evaluating [time: 0.20s, valid_score: 0.684700]
Thu 21 May 2026 11:47:13 INFO  valid result: 
recall@10 : 0.6847    mrr@10 : 0.3385    ndcg@10 : 0.4219    hit@10 : 0.6847    precision@10 : 0.0685
Thu 21 May 2026 11:47:13 INFO  Saving current: saved\LightGCN-May-21-2026_11-47-08.pth
Thu 21 May 2026 11:47:13 INFO  epoch 8 training [time: 0.04s, train loss: 1.3499]
Thu 21 May 2026 11:47:13 INFO  epoch 8 evaluating [time: 0.23s, valid_score: 0.705000]
Thu 21 May 2026 11:47:13 INFO  valid result: 
recall@10 : 0.705    mrr@10 : 0.3473    ndcg@10 : 0.4334    hit@10 : 0.705    precision@10 : 0.0705
Thu 21 May 2026 11:47:13 INFO  Saving current: saved\LightGCN-May-21-2026_11-47-08.pth
Thu 21 May 2026 11:47:13 INFO  epoch 9 training [time: 0.03s, train loss: 1.3449]
Thu 21 May 2026 11:47:13 INFO  epoch 9 evaluating [time: 0.23s, valid_score: 0.711700]
Thu 21 May 2026 11:47:13 INFO  valid result: 
recall@10 : 0.7117    mrr@10 : 0.355    ndcg@10 : 0.4411    hit@10 : 0.7117    precision@10 : 0.0712
Thu 21 May 2026 11:47:14 INFO  Saving current: saved\LightGCN-May-21-2026_11-47-08.pth
Thu 21 May 2026 11:47:14 INFO  epoch 10 training [time: 0.03s, train loss: 1.3393]
Thu 21 May 2026 11:47:14 INFO  epoch 10 evaluating [time: 0.22s, valid_score: 0.718500]
Thu 21 May 2026 11:47:14 INFO  valid result: 
recall@10 : 0.7185    mrr@10 : 0.3575    ndcg@10 : 0.4444    hit@10 : 0.7185    precision@10 : 0.0718
Thu 21 May 2026 11:47:14 INFO  Saving current: saved\LightGCN-May-21-2026_11-47-08.pth
Thu 21 May 2026 11:47:14 INFO  epoch 11 training [time: 0.03s, train loss: 1.3337]
Thu 21 May 2026 11:47:14 INFO  epoch 11 evaluating [time: 0.21s, valid_score: 0.725200]
Thu 21 May 2026 11:47:14 INFO  valid result: 
recall@10 : 0.7252    mrr@10 : 0.3633    ndcg@10 : 0.4505    hit@10 : 0.7252    precision@10 : 0.0725
Thu 21 May 2026 11:47:14 INFO  Saving current: saved\LightGCN-May-21-2026_11-47-08.pth
Thu 21 May 2026 11:47:14 INFO  epoch 12 training [time: 0.04s, train loss: 1.3276]
Thu 21 May 2026 11:47:14 INFO  epoch 12 evaluating [time: 0.21s, valid_score: 0.725200]
Thu 21 May 2026 11:47:14 INFO  valid result: 
recall@10 : 0.7252    mrr@10 : 0.3673    ndcg@10 : 0.4537    hit@10 : 0.7252    precision@10 : 0.0725
Thu 21 May 2026 11:47:14 INFO  Saving current: saved\LightGCN-May-21-2026_11-47-08.pth
Thu 21 May 2026 11:47:14 INFO  epoch 13 training [time: 0.03s, train loss: 1.3203]
Thu 21 May 2026 11:47:15 INFO  epoch 13 evaluating [time: 0.23s, valid_score: 0.727500]
Thu 21 May 2026 11:47:15 INFO  valid result: 
recall@10 : 0.7275    mrr@10 : 0.3665    ndcg@10 : 0.4536    hit@10 : 0.7275    precision@10 : 0.0727
Thu 21 May 2026 11:47:15 INFO  Saving current: saved\LightGCN-May-21-2026_11-47-08.pth
Thu 21 May 2026 11:47:15 INFO  epoch 14 training [time: 0.03s, train loss: 1.3128]
Thu 21 May 2026 11:47:15 INFO  epoch 14 evaluating [time: 0.21s, valid_score: 0.732000]
Thu 21 May 2026 11:47:15 INFO  valid result: 
recall@10 : 0.732    mrr@10 : 0.3659    ndcg@10 : 0.4542    hit@10 : 0.732    precision@10 : 0.0732
Thu 21 May 2026 11:47:15 INFO  Saving current: saved\LightGCN-May-21-2026_11-47-08.pth
Thu 21 May 2026 11:47:15 INFO  epoch 15 training [time: 0.04s, train loss: 1.3049]
Thu 21 May 2026 11:47:15 INFO  epoch 15 evaluating [time: 0.22s, valid_score: 0.732000]
Thu 21 May 2026 11:47:15 INFO  valid result: 
recall@10 : 0.732    mrr@10 : 0.3677    ndcg@10 : 0.4556    hit@10 : 0.732    precision@10 : 0.0732
Thu 21 May 2026 11:47:15 INFO  Saving current: saved\LightGCN-May-21-2026_11-47-08.pth
Thu 21 May 2026 11:47:15 INFO  epoch 16 training [time: 0.03s, train loss: 1.2965]
Thu 21 May 2026 11:47:15 INFO  epoch 16 evaluating [time: 0.28s, valid_score: 0.732000]
Thu 21 May 2026 11:47:15 INFO  valid result: 
recall@10 : 0.732    mrr@10 : 0.3659    ndcg@10 : 0.4542    hit@10 : 0.732    precision@10 : 0.0732
Thu 21 May 2026 11:47:15 INFO  Saving current: saved\LightGCN-May-21-2026_11-47-08.pth
Thu 21 May 2026 11:47:15 INFO  epoch 17 training [time: 0.03s, train loss: 1.2876]
Thu 21 May 2026 11:47:16 INFO  epoch 17 evaluating [time: 0.23s, valid_score: 0.732000]
Thu 21 May 2026 11:47:16 INFO  valid result: 
recall@10 : 0.732    mrr@10 : 0.3671    ndcg@10 : 0.4551    hit@10 : 0.732    precision@10 : 0.0732
Thu 21 May 2026 11:47:16 INFO  Saving current: saved\LightGCN-May-21-2026_11-47-08.pth
Thu 21 May 2026 11:47:16 INFO  epoch 18 training [time: 0.03s, train loss: 1.2775]
Thu 21 May 2026 11:47:16 INFO  epoch 18 evaluating [time: 0.22s, valid_score: 0.734200]
Thu 21 May 2026 11:47:16 INFO  valid result: 
recall@10 : 0.7342    mrr@10 : 0.369    ndcg@10 : 0.457    hit@10 : 0.7342    precision@10 : 0.0734
Thu 21 May 2026 11:47:16 INFO  Saving current: saved\LightGCN-May-21-2026_11-47-08.pth
Thu 21 May 2026 11:47:16 INFO  epoch 19 training [time: 0.04s, train loss: 1.2672]
Thu 21 May 2026 11:47:16 INFO  epoch 19 evaluating [time: 0.21s, valid_score: 0.736500]
Thu 21 May 2026 11:47:16 INFO  valid result: 
recall@10 : 0.7365    mrr@10 : 0.3705    ndcg@10 : 0.4585    hit@10 : 0.7365    precision@10 : 0.0736
Thu 21 May 2026 11:47:16 INFO  Saving current: saved\LightGCN-May-21-2026_11-47-08.pth
Thu 21 May 2026 11:47:16 INFO  epoch 20 training [time: 0.03s, train loss: 1.2565]
Thu 21 May 2026 11:47:16 INFO  epoch 20 evaluating [time: 0.22s, valid_score: 0.736500]
Thu 21 May 2026 11:47:16 INFO  valid result: 
recall@10 : 0.7365    mrr@10 : 0.37    ndcg@10 : 0.4581    hit@10 : 0.7365    precision@10 : 0.0736
Thu 21 May 2026 11:47:16 INFO  Saving current: saved\LightGCN-May-21-2026_11-47-08.pth
Thu 21 May 2026 11:47:16 INFO  epoch 21 training [time: 0.04s, train loss: 1.2445]
Thu 21 May 2026 11:47:17 INFO  epoch 21 evaluating [time: 0.24s, valid_score: 0.736500]
Thu 21 May 2026 11:47:17 INFO  valid result: 
recall@10 : 0.7365    mrr@10 : 0.3698    ndcg@10 : 0.4579    hit@10 : 0.7365    precision@10 : 0.0736
Thu 21 May 2026 11:47:17 INFO  Saving current: saved\LightGCN-May-21-2026_11-47-08.pth
Thu 21 May 2026 11:47:17 INFO  epoch 22 training [time: 0.05s, train loss: 1.2321]
Thu 21 May 2026 11:47:17 INFO  epoch 22 evaluating [time: 0.27s, valid_score: 0.741000]
Thu 21 May 2026 11:47:17 INFO  valid result: 
recall@10 : 0.741    mrr@10 : 0.3691    ndcg@10 : 0.4583    hit@10 : 0.741    precision@10 : 0.0741
Thu 21 May 2026 11:47:17 INFO  Saving current: saved\LightGCN-May-21-2026_11-47-08.pth
Thu 21 May 2026 11:47:17 INFO  epoch 23 training [time: 0.04s, train loss: 1.2198]
Thu 21 May 2026 11:47:17 INFO  epoch 23 evaluating [time: 0.24s, valid_score: 0.741000]
Thu 21 May 2026 11:47:17 INFO  valid result: 
recall@10 : 0.741    mrr@10 : 0.3689    ndcg@10 : 0.4581    hit@10 : 0.741    precision@10 : 0.0741
Thu 21 May 2026 11:47:17 INFO  Saving current: saved\LightGCN-May-21-2026_11-47-08.pth
Thu 21 May 2026 11:47:17 INFO  epoch 24 training [time: 0.04s, train loss: 1.2073]
Thu 21 May 2026 11:47:18 INFO  epoch 24 evaluating [time: 0.25s, valid_score: 0.741000]
Thu 21 May 2026 11:47:18 INFO  valid result: 
recall@10 : 0.741    mrr@10 : 0.368    ndcg@10 : 0.4574    hit@10 : 0.741    precision@10 : 0.0741
Thu 21 May 2026 11:47:18 INFO  Saving current: saved\LightGCN-May-21-2026_11-47-08.pth
Thu 21 May 2026 11:47:18 INFO  epoch 25 training [time: 0.04s, train loss: 1.1935]
Thu 21 May 2026 11:47:18 INFO  epoch 25 evaluating [time: 0.24s, valid_score: 0.738700]
Thu 21 May 2026 11:47:18 INFO  valid result: 
recall@10 : 0.7387    mrr@10 : 0.3665    ndcg@10 : 0.4558    hit@10 : 0.7387    precision@10 : 0.0739
Thu 21 May 2026 11:47:18 INFO  epoch 26 training [time: 0.03s, train loss: 1.1782]
Thu 21 May 2026 11:47:18 INFO  epoch 26 evaluating [time: 0.24s, valid_score: 0.738700]
Thu 21 May 2026 11:47:18 INFO  valid result: 
recall@10 : 0.7387    mrr@10 : 0.3662    ndcg@10 : 0.4556    hit@10 : 0.7387    precision@10 : 0.0739
Thu 21 May 2026 11:47:18 INFO  epoch 27 training [time: 0.03s, train loss: 1.1638]
Thu 21 May 2026 11:47:18 INFO  epoch 27 evaluating [time: 0.23s, valid_score: 0.738700]
Thu 21 May 2026 11:47:18 INFO  valid result: 
recall@10 : 0.7387    mrr@10 : 0.3665    ndcg@10 : 0.4558    hit@10 : 0.7387    precision@10 : 0.0739
Thu 21 May 2026 11:47:19 INFO  epoch 28 training [time: 0.03s, train loss: 1.1476]
Thu 21 May 2026 11:47:19 INFO  epoch 28 evaluating [time: 0.21s, valid_score: 0.741000]
Thu 21 May 2026 11:47:19 INFO  valid result: 
recall@10 : 0.741    mrr@10 : 0.3684    ndcg@10 : 0.4577    hit@10 : 0.741    precision@10 : 0.0741
Thu 21 May 2026 11:47:19 INFO  Saving current: saved\LightGCN-May-21-2026_11-47-08.pth
Thu 21 May 2026 11:47:19 INFO  epoch 29 training [time: 0.04s, train loss: 1.1316]
Thu 21 May 2026 11:47:19 INFO  epoch 29 evaluating [time: 0.22s, valid_score: 0.743200]
Thu 21 May 2026 11:47:19 INFO  valid result: 
recall@10 : 0.7432    mrr@10 : 0.3696    ndcg@10 : 0.459    hit@10 : 0.7432    precision@10 : 0.0743
Thu 21 May 2026 11:47:19 INFO  Saving current: saved\LightGCN-May-21-2026_11-47-08.pth
Thu 21 May 2026 11:47:19 INFO  epoch 30 training [time: 0.04s, train loss: 1.1149]
Thu 21 May 2026 11:47:19 INFO  epoch 30 evaluating [time: 0.24s, valid_score: 0.743200]
Thu 21 May 2026 11:47:19 INFO  valid result: 
recall@10 : 0.7432    mrr@10 : 0.3693    ndcg@10 : 0.4588    hit@10 : 0.7432    precision@10 : 0.0743
Thu 21 May 2026 11:47:19 INFO  Saving current: saved\LightGCN-May-21-2026_11-47-08.pth
Thu 21 May 2026 11:47:19 INFO  epoch 31 training [time: 0.03s, train loss: 1.0983]
Thu 21 May 2026 11:47:20 INFO  epoch 31 evaluating [time: 0.22s, valid_score: 0.743200]
Thu 21 May 2026 11:47:20 INFO  valid result: 
recall@10 : 0.7432    mrr@10 : 0.3691    ndcg@10 : 0.4587    hit@10 : 0.7432    precision@10 : 0.0743
Thu 21 May 2026 11:47:20 INFO  Saving current: saved\LightGCN-May-21-2026_11-47-08.pth
Thu 21 May 2026 11:47:20 INFO  epoch 32 training [time: 0.04s, train loss: 1.0811]
Thu 21 May 2026 11:47:20 INFO  epoch 32 evaluating [time: 0.22s, valid_score: 0.741000]
Thu 21 May 2026 11:47:20 INFO  valid result: 
recall@10 : 0.741    mrr@10 : 0.3687    ndcg@10 : 0.4579    hit@10 : 0.741    precision@10 : 0.0741
Thu 21 May 2026 11:47:20 INFO  epoch 33 training [time: 0.02s, train loss: 1.0637]
Thu 21 May 2026 11:47:20 INFO  epoch 33 evaluating [time: 0.22s, valid_score: 0.736500]
Thu 21 May 2026 11:47:20 INFO  valid result: 
recall@10 : 0.7365    mrr@10 : 0.3683    ndcg@10 : 0.4566    hit@10 : 0.7365    precision@10 : 0.0736
Thu 21 May 2026 11:47:20 INFO  epoch 34 training [time: 0.03s, train loss: 1.0443]
Thu 21 May 2026 11:47:20 INFO  epoch 34 evaluating [time: 0.20s, valid_score: 0.736500]
Thu 21 May 2026 11:47:20 INFO  valid result: 
recall@10 : 0.7365    mrr@10 : 0.3686    ndcg@10 : 0.4568    hit@10 : 0.7365    precision@10 : 0.0736
Thu 21 May 2026 11:47:20 INFO  epoch 35 training [time: 0.04s, train loss: 1.0257]
Thu 21 May 2026 11:47:21 INFO  epoch 35 evaluating [time: 0.22s, valid_score: 0.736500]
Thu 21 May 2026 11:47:21 INFO  valid result: 
recall@10 : 0.7365    mrr@10 : 0.3686    ndcg@10 : 0.4568    hit@10 : 0.7365    precision@10 : 0.0736
Thu 21 May 2026 11:47:21 INFO  epoch 36 training [time: 0.03s, train loss: 1.0057]
Thu 21 May 2026 11:47:21 INFO  epoch 36 evaluating [time: 0.22s, valid_score: 0.736500]
Thu 21 May 2026 11:47:21 INFO  valid result: 
recall@10 : 0.7365    mrr@10 : 0.3677    ndcg@10 : 0.4561    hit@10 : 0.7365    precision@10 : 0.0736
Thu 21 May 2026 11:47:21 INFO  epoch 37 training [time: 0.04s, train loss: 0.9878]
Thu 21 May 2026 11:47:21 INFO  epoch 37 evaluating [time: 0.21s, valid_score: 0.736500]
Thu 21 May 2026 11:47:21 INFO  valid result: 
recall@10 : 0.7365    mrr@10 : 0.3668    ndcg@10 : 0.4554    hit@10 : 0.7365    precision@10 : 0.0736
Thu 21 May 2026 11:47:21 INFO  epoch 38 training [time: 0.04s, train loss: 0.9685]
Thu 21 May 2026 11:47:21 INFO  epoch 38 evaluating [time: 0.21s, valid_score: 0.729700]
Thu 21 May 2026 11:47:21 INFO  valid result: 
recall@10 : 0.7297    mrr@10 : 0.3661    ndcg@10 : 0.4535    hit@10 : 0.7297    precision@10 : 0.073
Thu 21 May 2026 11:47:21 INFO  epoch 39 training [time: 0.03s, train loss: 0.9493]
Thu 21 May 2026 11:47:22 INFO  epoch 39 evaluating [time: 0.25s, valid_score: 0.727500]
Thu 21 May 2026 11:47:22 INFO  valid result: 
recall@10 : 0.7275    mrr@10 : 0.3653    ndcg@10 : 0.4523    hit@10 : 0.7275    precision@10 : 0.0727
Thu 21 May 2026 11:47:22 INFO  epoch 40 training [time: 0.04s, train loss: 0.9293]
Thu 21 May 2026 11:47:22 INFO  epoch 40 evaluating [time: 0.31s, valid_score: 0.729700]
Thu 21 May 2026 11:47:22 INFO  valid result: 
recall@10 : 0.7297    mrr@10 : 0.3654    ndcg@10 : 0.4529    hit@10 : 0.7297    precision@10 : 0.073
Thu 21 May 2026 11:47:22 INFO  epoch 41 training [time: 0.03s, train loss: 0.9111]
Thu 21 May 2026 11:47:22 INFO  epoch 41 evaluating [time: 0.25s, valid_score: 0.727500]
Thu 21 May 2026 11:47:22 INFO  valid result: 
recall@10 : 0.7275    mrr@10 : 0.3649    ndcg@10 : 0.452    hit@10 : 0.7275    precision@10 : 0.0727
Thu 21 May 2026 11:47:22 INFO  epoch 42 training [time: 0.04s, train loss: 0.8933]
Thu 21 May 2026 11:47:23 INFO  epoch 42 evaluating [time: 0.21s, valid_score: 0.727500]
Thu 21 May 2026 11:47:23 INFO  valid result: 
recall@10 : 0.7275    mrr@10 : 0.3651    ndcg@10 : 0.4522    hit@10 : 0.7275    precision@10 : 0.0727
Thu 21 May 2026 11:47:23 INFO  Finished training, best eval result in epoch 31
